TN:
SF:/mnt/c/Users/DAR/Desktop/trash/LR_3/array.hpp
FN:20,_ZN5ArrayIiE11doubleArrayEv
FN:20,_ZN5ArrayINSt7__cxx1112basic_stringIcSt11char_traitsIcESaIcEEEE11doubleArrayEv
FN:20,_ZN5ArrayIdE11doubleArrayEv
FN:32,_ZN5ArrayIdEC2Ev
FN:32,_ZN5ArrayIiEC2Ev
FN:32,_ZN5ArrayINSt7__cxx1112basic_stringIcSt11char_traitsIcESaIcEEEEC2Ev
FN:36,_ZN5ArrayI8HashNodeIiEEC2Ej
FN:36,_ZN5ArrayI8HashNodeINSt7__cxx1112basic_stringIcSt11char_traitsIcESaIcEEEEEC2Ej
FN:36,_ZN5ArrayIiEC2Ej
FN:36,_ZN5ArrayI8HashNodeIdEEC2Ej
FN:44,_ZN5ArrayINSt7__cxx1112basic_stringIcSt11char_traitsIcESaIcEEEED2Ev
FN:44,_ZN5ArrayIdED2Ev
FN:44,_ZN5ArrayI8HashNodeINSt7__cxx1112basic_stringIcSt11char_traitsIcESaIcEEEEED2Ev
FN:44,_ZN5ArrayI8HashNodeIiEED2Ev
FN:44,_ZN5ArrayI8HashNodeIdEED2Ev
FN:44,_ZN5ArrayIiED2Ev
FN:48,_ZN5ArrayI8HashNodeINSt7__cxx1112basic_stringIcSt11char_traitsIcESaIcEEEEEC2ERKS8_
FN:48,_ZN5ArrayIiEC2ERKS0_
FN:48,_ZN5ArrayI8HashNodeIdEEC2ERKS2_
FN:48,_ZN5ArrayI8HashNodeIiEEC2ERKS2_
FN:57,_ZN5ArrayIiEaSERKS0_
FN:57,_ZN5ArrayI8HashNodeIiEEaSERKS2_
FN:57,_ZN5ArrayI8HashNodeINSt7__cxx1112basic_stringIcSt11char_traitsIcESaIcEEEEEaSERKS8_
FN:57,_ZN5ArrayI8HashNodeIdEEaSERKS2_
FN:73,_ZN5ArrayI8HashNodeINSt7__cxx1112basic_stringIcSt11char_traitsIcESaIcEEEEEixEj
FN:73,_ZN5ArrayIdEixEj
FN:73,_ZN5ArrayI8HashNodeIiEEixEj
FN:73,_ZN5ArrayI8HashNodeIdEEixEj
FN:73,_ZN5ArrayINSt7__cxx1112basic_stringIcSt11char_traitsIcESaIcEEEEixEj
FN:73,_ZN5ArrayIiEixEj
FN:82,_ZNK5ArrayI8HashNodeIiEEixEj
FN:82,_ZNK5ArrayIiEixEj
FN:82,_ZNK5ArrayI8HashNodeIdEEixEj
FN:90,_ZN5ArrayINSt7__cxx1112basic_stringIcSt11char_traitsIcESaIcEEEE10MPUSH_BACKES5_
FN:90,_ZN5ArrayIiE10MPUSH_BACKEi
FN:90,_ZN5ArrayIdE10MPUSH_BACKEd
FN:99,_ZN5ArrayIiE12MPUSH_BY_INDEji
FN:115,_ZNK5ArrayINSt7__cxx1112basic_stringIcSt11char_traitsIcESaIcEEEE11MGET_BY_INDEj
FN:123,_ZN5ArrayIiE11MDEL_BY_INDEj
FN:134,_ZN5ArrayIiE12MSWAP_BY_INDEji
FN:150,_ZNK5ArrayIiE5MSAVEERKNSt7__cxx1112basic_stringIcSt11char_traitsIcESaIcEEE
FN:150,_ZNK5ArrayIdE5MSAVEERKNSt7__cxx1112basic_stringIcSt11char_traitsIcESaIcEEE
FN:164,_ZN5ArrayIiE5MLOADERKNSt7__cxx1112basic_stringIcSt11char_traitsIcESaIcEEE
FN:189,_ZNK5ArrayIdE12MSAVE_BINARYERKNSt7__cxx1112basic_stringIcSt11char_traitsIcESaIcEEE
FN:211,_ZN5ArrayIdE12MLOAD_BINARYERKNSt7__cxx1112basic_stringIcSt11char_traitsIcESaIcEEE
FN:245,_ZNK5ArrayIiE7GetSizeEv
FN:245,_ZNK5ArrayIdE7GetSizeEv
FN:249,_ZNK5ArrayIiE11GetCapacityEv
FN:253,_ZN5ArrayI8HashNodeIiEE7SetSizeEj
FN:253,_ZN5ArrayI8HashNodeIdEE7SetSizeEj
FN:253,_ZN5ArrayIiE7SetSizeEj
FN:253,_ZN5ArrayI8HashNodeINSt7__cxx1112basic_stringIcSt11char_traitsIcESaIcEEEEE7SetSizeEj
FN:260,_ZN5ArrayIiE11SetCapacityEj
FNDA:1,_ZN5ArrayINSt7__cxx1112basic_stringIcSt11char_traitsIcESaIcEEEED2Ev
FNDA:2,_ZN5ArrayIiEaSERKS0_
FNDA:152460623,_ZN5ArrayI8HashNodeIiEEixEj
FNDA:3,_ZN5ArrayIiE12MPUSH_BY_INDEji
FNDA:2,_ZN5ArrayIiE7SetSizeEj
FNDA:8,_ZN5ArrayI8HashNodeIdEEC2Ej
FNDA:2,_ZN5ArrayIiEC2Ej
FNDA:2,_ZN5ArrayIdEixEj
FNDA:8,_ZN5ArrayI8HashNodeIdEE7SetSizeEj
FNDA:2,_ZN5ArrayIdE12MLOAD_BINARYERKNSt7__cxx1112basic_stringIcSt11char_traitsIcESaIcEEE
FNDA:0,_ZN5ArrayINSt7__cxx1112basic_stringIcSt11char_traitsIcESaIcEEEE11doubleArrayEv
FNDA:81,_ZN5ArrayI8HashNodeIdEEixEj
FNDA:2,_ZN5ArrayIdED2Ev
FNDA:0,_ZN5ArrayI8HashNodeIdEEC2ERKS2_
FNDA:3,_ZN5ArrayIiE12MSWAP_BY_INDEji
FNDA:96,_ZNK5ArrayI8HashNodeIiEEixEj
FNDA:1,_ZN5ArrayIiEC2ERKS0_
FNDA:41,_ZN5ArrayI8HashNodeINSt7__cxx1112basic_stringIcSt11char_traitsIcESaIcEEEEEixEj
FNDA:59,_ZN5ArrayI8HashNodeIiEEC2Ej
FNDA:2,_ZN5ArrayIdEC2Ev
FNDA:1,_ZN5ArrayINSt7__cxx1112basic_stringIcSt11char_traitsIcESaIcEEEE10MPUSH_BACKES5_
FNDA:0,_ZN5ArrayI8HashNodeINSt7__cxx1112basic_stringIcSt11char_traitsIcESaIcEEEEEC2ERKS8_
FNDA:57,_ZN5ArrayI8HashNodeIiEE7SetSizeEj
FNDA:10,_ZN5ArrayIiE11doubleArrayEv
FNDA:2,_ZN5ArrayI8HashNodeINSt7__cxx1112basic_stringIcSt11char_traitsIcESaIcEEEEEC2Ej
FNDA:24,_ZN5ArrayIiEixEj
FNDA:2,_ZN5ArrayIiE11SetCapacityEj
FNDA:2,_ZN5ArrayINSt7__cxx1112basic_stringIcSt11char_traitsIcESaIcEEEEixEj
FNDA:16,_ZN5ArrayIiE10MPUSH_BACKEi
FNDA:2,_ZN5ArrayI8HashNodeIdEEaSERKS2_
FNDA:11,_ZN5ArrayIiED2Ev
FNDA:1,_ZN5ArrayIdE11doubleArrayEv
FNDA:2,_ZN5ArrayIdE10MPUSH_BACKEd
FNDA:27,_ZN5ArrayI8HashNodeIiEEC2ERKS2_
FNDA:0,_ZN5ArrayI8HashNodeINSt7__cxx1112basic_stringIcSt11char_traitsIcESaIcEEEEEaSERKS8_
FNDA:2,_ZNK5ArrayINSt7__cxx1112basic_stringIcSt11char_traitsIcESaIcEEEE11MGET_BY_INDEj
FNDA:8,_ZN5ArrayI8HashNodeIdEED2Ev
FNDA:1,_ZNK5ArrayIdE12MSAVE_BINARYERKNSt7__cxx1112basic_stringIcSt11char_traitsIcESaIcEEE
FNDA:22,_ZNK5ArrayIiE7GetSizeEv
FNDA:2,_ZN5ArrayI8HashNodeINSt7__cxx1112basic_stringIcSt11char_traitsIcESaIcEEEEE7SetSizeEj
FNDA:2,_ZNK5ArrayIiE5MSAVEERKNSt7__cxx1112basic_stringIcSt11char_traitsIcESaIcEEE
FNDA:8,_ZN5ArrayIiEC2Ev
FNDA:1,_ZN5ArrayINSt7__cxx1112basic_stringIcSt11char_traitsIcESaIcEEEEC2Ev
FNDA:2,_ZN5ArrayIiE11MDEL_BY_INDEj
FNDA:16,_ZNK5ArrayI8HashNodeIdEEixEj
FNDA:1,_ZNK5ArrayIdE7GetSizeEv
FNDA:2,_ZN5ArrayIiE5MLOADERKNSt7__cxx1112basic_stringIcSt11char_traitsIcESaIcEEE
FNDA:1,_ZNK5ArrayIiEixEj
FNDA:85,_ZN5ArrayI8HashNodeIiEED2Ev
FNDA:8,_ZNK5ArrayIiE11GetCapacityEv
FNDA:2,_ZN5ArrayI8HashNodeINSt7__cxx1112basic_stringIcSt11char_traitsIcESaIcEEEEED2Ev
FNDA:31,_ZN5ArrayI8HashNodeIiEEaSERKS2_
FNDA:1,_ZNK5ArrayIdE5MSAVEERKNSt7__cxx1112basic_stringIcSt11char_traitsIcESaIcEEE
FNF:53
FNH:49
DA:20,11
DA:21,11
DA:22,11
DA:23,11
DA:24,30
DA:25,19
DA:27,11
DA:28,11
DA:29,11
DA:32,11
DA:34,12
DA:36,141
DA:38,351882
DA:39,351892
DA:40,351822
DA:42,70
DA:44,109
DA:45,703547
DA:46,109
DA:48,56
DA:49,28
DA:50,175763
DA:51,175738
DA:52,175710
DA:54,28
DA:57,35
DA:58,35
DA:59,1
DA:61,175793
DA:63,34
DA:64,34
DA:65,351684
DA:66,351653
DA:67,351619
DA:69,34
DA:73,152460773
DA:74,152460773
DA:76,1
DA:78,152460772
DA:82,113
DA:83,113
DA:85,1
DA:87,112
DA:90,19
DA:91,19
DA:92,9
DA:94,19
DA:95,19
DA:96,19
DA:99,3
DA:100,3
DA:101,2
DA:103,3
DA:104,7
DA:105,5
DA:107,2
DA:108,2
DA:110,1
DA:112,2
DA:115,2
DA:116,2
DA:117,1
DA:119,1
DA:123,2
DA:124,2
DA:125,5
DA:126,4
DA:128,1
DA:130,1
DA:132,1
DA:134,3
DA:135,3
DA:136,2
DA:138,1
DA:140,2
DA:150,3
DA:151,6
DA:152,3
DA:153,2
DA:155,1
DA:156,3
DA:157,2
DA:159,1
DA:160,1
DA:161,1
DA:164,2
DA:165,4
DA:166,2
DA:167,1
DA:170,1
DA:171,0
DA:174,1
DA:176,3
DA:177,2
DA:180,1
DA:181,0
DA:184,1
DA:185,1
DA:186,1
DA:189,1
DA:190,2
DA:191,1
DA:192,0
DA:196,1
DA:198,1
DA:199,1
DA:202,1
DA:203,0
DA:206,1
DA:207,1
DA:208,1
DA:211,2
DA:212,4
DA:213,2
DA:214,0
DA:217,2
DA:219,2
DA:221,2
DA:222,0
DA:226,2
DA:227,2
DA:228,2
DA:229,2
DA:231,2
DA:234,2
DA:235,2
DA:236,2
DA:237,1
DA:241,1
DA:242,1
DA:243,1
DA:245,23
DA:246,23
DA:249,8
DA:250,8
DA:253,69
DA:254,69
DA:255,1
DA:257,68
DA:258,68
DA:260,2
DA:261,2
DA:262,1
DA:264,1
DA:265,1
LF:145
LH:139
end_of_record
TN:
SF:/mnt/c/Users/DAR/Desktop/trash/LR_3/binary_tree.hpp
FN:26,_ZN8TreeNodeIdEC2Ed
FN:26,_ZN8TreeNodeIiEC2Ei
FN:37,_ZNK14FullBinaryTreeIiE9copy_treeEPK8TreeNodeIiE
FN:48,_ZN14FullBinaryTreeIdE12destroy_treeEP8TreeNodeIdE
FN:48,_ZN14FullBinaryTreeIiE12destroy_treeEP8TreeNodeIiE
FN:57,_ZNK14FullBinaryTreeIiE20print_tree_recursiveEP8TreeNodeIiERKNSt7__cxx1112basic_stringIcSt11char_traitsIcESaIcEEEb
FN:78,_ZNK14FullBinaryTreeIiE15printTreeVisualEP8TreeNodeIiE
FN:91,_ZNK14FullBinaryTreeIiE18preorder_recursiveEP8TreeNodeIiE
FN:99,_ZNK14FullBinaryTreeIiE17inorder_recursiveEP8TreeNodeIiE
FN:107,_ZNK14FullBinaryTreeIiE19postorder_recursiveEP8TreeNodeIiE
FN:115,_ZNK14FullBinaryTreeIiE15isFullRecursiveEP8TreeNodeIiE
FN:126,_ZNK14FullBinaryTreeIiE19serialize_recursiveEP8TreeNodeIiERSt14basic_ofstreamIcSt11char_traitsIcEE
FN:149,_ZN14FullBinaryTreeIiE21deserialize_recursiveERP8TreeNodeIiERSt14basic_ifstreamIcSt11char_traitsIcEE
FN:183,_ZN14FullBinaryTreeIiEC2Ev
FN:183,_ZN14FullBinaryTreeIdEC2Ev
FN:186,_ZN14FullBinaryTreeIdED2Ev
FN:186,_ZN14FullBinaryTreeIiED2Ev
FN:191,_ZN14FullBinaryTreeIiEC2ERKS0_
FN:196,_ZN14FullBinaryTreeIiEaSERKS0_
FN:206,_ZN14FullBinaryTreeIdE7TINSERTEd
FN:206,_ZN14FullBinaryTreeIiE7TINSERTEi
FN:242,_ZNK14FullBinaryTreeIiE5TFULLEv
FN:248,_ZNK14FullBinaryTreeIiE17printBreadthFirstEv
FN:271,_ZNK14FullBinaryTreeIiE5PRINTEi
FN:297,_ZNK14FullBinaryTreeIiE5TSAVEERKNSt7__cxx1112basic_stringIcSt11char_traitsIcESaIcEEE
FN:334,_ZN14FullBinaryTreeIiE5TLOADERKNSt7__cxx1112basic_stringIcSt11char_traitsIcESaIcEEE
FN:358,_ZNK14FullBinaryTreeIiE12TSAVE_BINARYERKNSt7__cxx1112basic_stringIcSt11char_traitsIcESaIcEEE
FN:371,_ZN14FullBinaryTreeIiE12TLOAD_BINARYERKNSt7__cxx1112basic_stringIcSt11char_traitsIcESaIcEEE
FN:394,_ZNK14FullBinaryTreeIdE7GetRootEv
FN:394,_ZNK14FullBinaryTreeIiE7GetRootEv
FNDA:2,_ZN14FullBinaryTreeIiE5TLOADERKNSt7__cxx1112basic_stringIcSt11char_traitsIcESaIcEEE
FNDA:1,_ZNK14FullBinaryTreeIiE12TSAVE_BINARYERKNSt7__cxx1112basic_stringIcSt11char_traitsIcESaIcEEE
FNDA:14,_ZNK14FullBinaryTreeIiE17inorder_recursiveEP8TreeNodeIiE
FNDA:24,_ZN14FullBinaryTreeIiE7TINSERTEi
FNDA:7,_ZNK14FullBinaryTreeIiE5TFULLEv
FNDA:6,_ZNK14FullBinaryTreeIiE20print_tree_recursiveEP8TreeNodeIiERKNSt7__cxx1112basic_stringIcSt11char_traitsIcESaIcEEEb
FNDA:10,_ZN14FullBinaryTreeIiE21deserialize_recursiveERP8TreeNodeIiERSt14basic_ifstreamIcSt11char_traitsIcEE
FNDA:13,_ZNK14FullBinaryTreeIiE15isFullRecursiveEP8TreeNodeIiE
FNDA:34,_ZN8TreeNodeIiEC2Ei
FNDA:85,_ZN14FullBinaryTreeIiE12destroy_treeEP8TreeNodeIiE
FNDA:8,_ZNK14FullBinaryTreeIiE5PRINTEi
FNDA:2,_ZN14FullBinaryTreeIdE7TINSERTEd
FNDA:1,_ZNK14FullBinaryTreeIiE17printBreadthFirstEv
FNDA:1,_ZN14FullBinaryTreeIiEC2ERKS0_
FNDA:16,_ZNK14FullBinaryTreeIiE7GetRootEv
FNDA:11,_ZN14FullBinaryTreeIiEC2Ev
FNDA:2,_ZNK14FullBinaryTreeIiE5TSAVEERKNSt7__cxx1112basic_stringIcSt11char_traitsIcESaIcEEE
FNDA:7,_ZNK14FullBinaryTreeIiE19postorder_recursiveEP8TreeNodeIiE
FNDA:5,_ZN14FullBinaryTreeIdE12destroy_treeEP8TreeNodeIdE
FNDA:12,_ZN14FullBinaryTreeIiED2Ev
FNDA:9,_ZNK14FullBinaryTreeIiE19serialize_recursiveEP8TreeNodeIiERSt14basic_ofstreamIcSt11char_traitsIcEE
FNDA:3,_ZN14FullBinaryTreeIiE12TLOAD_BINARYERKNSt7__cxx1112basic_stringIcSt11char_traitsIcESaIcEEE
FNDA:1,_ZN14FullBinaryTreeIdEC2Ev
FNDA:7,_ZNK14FullBinaryTreeIiE18preorder_recursiveEP8TreeNodeIiE
FNDA:2,_ZNK14FullBinaryTreeIdE7GetRootEv
FNDA:2,_ZNK14FullBinaryTreeIiE15printTreeVisualEP8TreeNodeIiE
FNDA:1,_ZN14FullBinaryTreeIdED2Ev
FNDA:2,_ZN8TreeNodeIdEC2Ed
FNDA:2,_ZN14FullBinaryTreeIiEaSERKS0_
FNDA:14,_ZNK14FullBinaryTreeIiE9copy_treeEPK8TreeNodeIiE
FNF:30
FNH:30
DA:26,36
DA:28,36
DA:37,14
DA:38,14
DA:39,8
DA:41,6
DA:42,6
DA:43,6
DA:44,6
DA:48,90
DA:49,90
DA:50,36
DA:51,36
DA:52,36
DA:54,90
DA:57,6
DA:60,6
DA:61,2
DA:63,2
DA:65,2
DA:68,2
DA:71,2
DA:75,6
DA:78,2
DA:79,2
DA:80,1
DA:81,1
DA:84,1
DA:86,1
DA:87,1
DA:91,7
DA:92,7
DA:93,3
DA:94,3
DA:95,3
DA:97,7
DA:99,14
DA:100,14
DA:101,6
DA:102,6
DA:103,6
DA:105,14
DA:107,7
DA:108,7
DA:109,3
DA:110,3
DA:111,3
DA:113,7
DA:115,13
DA:116,13
DA:117,3
DA:118,10
DA:120,4
DA:122,6
DA:126,9
DA:128,9
DA:129,9
DA:132,9
DA:133,0
DA:136,9
DA:138,4
DA:139,4
DA:140,0
DA:142,4
DA:144,4
DA:146,9
DA:149,10
DA:151,10
DA:154,10
DA:155,0
DA:156,0
DA:160,10
DA:161,1
DA:164,9
DA:166,9
DA:167,5
DA:171,4
DA:172,0
DA:175,4
DA:176,4
DA:177,4
DA:183,12
DA:186,13
DA:187,13
DA:188,13
DA:191,1
DA:192,1
DA:193,1
DA:196,2
DA:197,2
DA:198,1
DA:200,1
DA:202,2
DA:206,26
DA:208,26
DA:211,26
DA:212,8
DA:213,8
DA:217,18
DA:218,18
DA:221,39
DA:222,21
DA:223,21
DA:225,12
DA:228,9
DA:234,18
DA:235,10
DA:237,8
DA:242,7
DA:243,7
DA:244,6
DA:248,1
DA:249,1
DA:250,0
DA:253,2
DA:254,1
DA:256,4
DA:257,3
DA:259,3
DA:261,3
DA:262,1
DA:264,3
DA:265,1
DA:268,1
DA:271,8
DA:272,8
DA:273,1
DA:274,1
DA:275,1
DA:276,1
DA:277,1
DA:278,1
DA:279,1
DA:280,2
DA:281,2
DA:282,2
DA:283,2
DA:284,1
DA:285,1
DA:286,1
DA:287,1
DA:288,2
DA:289,2
DA:290,2
DA:291,1
DA:292,1
DA:294,7
DA:297,2
DA:298,3
DA:299,2
DA:300,1
DA:303,1
DA:304,0
DA:306,0
DA:309,2
DA:310,1
DA:312,4
DA:313,3
DA:314,3
DA:317,3
DA:318,0
DA:321,3
DA:322,1
DA:324,3
DA:325,1
DA:329,1
DA:330,1
DA:334,2
DA:335,4
DA:336,2
DA:337,1
DA:340,1
DA:341,1
DA:344,4
DA:345,3
DA:348,1
DA:349,0
DA:352,1
DA:354,1
DA:355,1
DA:358,1
DA:359,2
DA:360,1
DA:361,0
DA:364,1
DA:366,1
DA:367,1
DA:368,1
DA:371,3
DA:372,6
DA:373,3
DA:374,1
DA:377,2
DA:378,2
DA:381,2
DA:382,2
DA:384,1
DA:385,1
DA:386,1
DA:387,1
DA:390,1
DA:391,1
DA:392,1
DA:394,18
DA:395,18
LF:205
LH:194
end_of_record
TN:
SF:/mnt/c/Users/DAR/Desktop/trash/LR_3/ch.hpp
FN:23,_ZN8HashNodeIdEC2Ev
FN:23,_ZN8HashNodeINSt7__cxx1112basic_stringIcSt11char_traitsIcESaIcEEEEC2Ev
FN:23,_ZN8HashNodeIiEC2Ev
FN:25,_ZN8HashNodeINSt7__cxx1112basic_stringIcSt11char_traitsIcESaIcEEEEC2ERKS5_S8_
FN:25,_ZN8HashNodeIdEC2ERKNSt7__cxx1112basic_stringIcSt11char_traitsIcESaIcEEERKd
FN:25,_ZN8HashNodeIiEC2ERKNSt7__cxx1112basic_stringIcSt11char_traitsIcESaIcEEERKi
FN:40,_ZNK10CuckooHashINSt7__cxx1112basic_stringIcSt11char_traitsIcESaIcEEEE5hash1ERKS5_
FN:40,_ZNK10CuckooHashIdE5hash1ERKNSt7__cxx1112basic_stringIcSt11char_traitsIcESaIcEEE
FN:40,_ZNK10CuckooHashIiE5hash1ERKNSt7__cxx1112basic_stringIcSt11char_traitsIcESaIcEEE
FN:51,_ZNK10CuckooHashIiE5hash2ERKNSt7__cxx1112basic_stringIcSt11char_traitsIcESaIcEEE
FN:51,_ZNK10CuckooHashIdE5hash2ERKNSt7__cxx1112basic_stringIcSt11char_traitsIcESaIcEEE
FN:51,_ZNK10CuckooHashINSt7__cxx1112basic_stringIcSt11char_traitsIcESaIcEEEE5hash2ERKS5_
FN:65,_ZNK10CuckooHashIiE10needResizeEv
FN:65,_ZNK10CuckooHashINSt7__cxx1112basic_stringIcSt11char_traitsIcESaIcEEEE10needResizeEv
FN:65,_ZNK10CuckooHashIdE10needResizeEv
FN:70,_ZN10CuckooHashIiE6resizeEv
FN:70,_ZN10CuckooHashIdE6resizeEv
FN:70,_ZN10CuckooHashINSt7__cxx1112basic_stringIcSt11char_traitsIcESaIcEEEE6resizeEv
FN:94,_ZN10CuckooHashINSt7__cxx1112basic_stringIcSt11char_traitsIcESaIcEEEEC2Ej
FN:94,_ZN10CuckooHashIdEC2Ej
FN:94,_ZN10CuckooHashIiEC2Ej
FN:104,_ZN10CuckooHashIiED2Ev
FN:104,_ZN10CuckooHashINSt7__cxx1112basic_stringIcSt11char_traitsIcESaIcEEEED2Ev
FN:104,_ZN10CuckooHashIdED2Ev
FN:109,_ZN10CuckooHashIiEC2ERS0_
FN:119,_ZN10CuckooHashIiEaSERS0_
FN:134,_ZN10CuckooHashINSt7__cxx1112basic_stringIcSt11char_traitsIcESaIcEEEE6insertERKS5_S8_
FN:134,_ZN10CuckooHashIiE6insertERKNSt7__cxx1112basic_stringIcSt11char_traitsIcESaIcEEERKi
FN:134,_ZN10CuckooHashIdE6insertERKNSt7__cxx1112basic_stringIcSt11char_traitsIcESaIcEEERKd
FN:184,_ZN10CuckooHashIdE4findERKNSt7__cxx1112basic_stringIcSt11char_traitsIcESaIcEEE
FN:184,_ZN10CuckooHashINSt7__cxx1112basic_stringIcSt11char_traitsIcESaIcEEEE4findERKS5_
FN:184,_ZN10CuckooHashIiE4findERKNSt7__cxx1112basic_stringIcSt11char_traitsIcESaIcEEE
FN:208,_ZN10CuckooHashINSt7__cxx1112basic_stringIcSt11char_traitsIcESaIcEEEE6removeERKS5_
FN:208,_ZN10CuckooHashIiE6removeERKNSt7__cxx1112basic_stringIcSt11char_traitsIcESaIcEEE
FN:232,_ZNK10CuckooHashIiE5printEv
FN:249,_ZNK10CuckooHashIdE14serialize_textERKNSt7__cxx1112basic_stringIcSt11char_traitsIcESaIcEEE
FN:272,_ZN10CuckooHashIdE16deserialize_textERKNSt7__cxx1112basic_stringIcSt11char_traitsIcESaIcEEE
FN:272,_ZN10CuckooHashIiE16deserialize_textERKNSt7__cxx1112basic_stringIcSt11char_traitsIcESaIcEEE
FN:322,_ZNK10CuckooHashIiE13serialize_binERKNSt7__cxx1112basic_stringIcSt11char_traitsIcESaIcEEE
FN:355,_ZN10CuckooHashIiE15deserialize_binERKNSt7__cxx1112basic_stringIcSt11char_traitsIcESaIcEEE
FN:418,_ZNK10CuckooHashIdE4sizeEv
FN:418,_ZNK10CuckooHashINSt7__cxx1112basic_stringIcSt11char_traitsIcESaIcEEEE4sizeEv
FN:418,_ZNK10CuckooHashIiE4sizeEv
FN:423,_ZNK10CuckooHashINSt7__cxx1112basic_stringIcSt11char_traitsIcESaIcEEEE5emptyEv
FN:423,_ZNK10CuckooHashIiE5emptyEv
FN:428,_ZN10CuckooHashINSt7__cxx1112basic_stringIcSt11char_traitsIcESaIcEEEE5clearEv
FNDA:1,_ZNK10CuckooHashIiE13serialize_binERKNSt7__cxx1112basic_stringIcSt11char_traitsIcESaIcEEE
FNDA:4,_ZN8HashNodeIdEC2ERKNSt7__cxx1112basic_stringIcSt11char_traitsIcESaIcEEERKd
FNDA:326,_ZNK10CuckooHashIiE10needResizeEv
FNDA:2,_ZN10CuckooHashIdE6insertERKNSt7__cxx1112basic_stringIcSt11char_traitsIcESaIcEEERKd
FNDA:1,_ZN10CuckooHashINSt7__cxx1112basic_stringIcSt11char_traitsIcESaIcEEEE4findERKS5_
FNDA:1,_ZN10CuckooHashIiEC2ERS0_
FNDA:11,_ZN10CuckooHashIiEC2Ej
FNDA:110,_ZN10CuckooHashIiE4findERKNSt7__cxx1112basic_stringIcSt11char_traitsIcESaIcEEE
FNDA:336,_ZN8HashNodeIiEC2ERKNSt7__cxx1112basic_stringIcSt11char_traitsIcESaIcEEERKi
FNDA:2,_ZNK10CuckooHashIiE5emptyEv
FNDA:8,_ZNK10CuckooHashIiE4sizeEv
FNDA:3977,_ZN8HashNodeIiEC2Ev
FNDA:4,_ZNK10CuckooHashINSt7__cxx1112basic_stringIcSt11char_traitsIcESaIcEEEE4sizeEv
FNDA:4,_ZNK10CuckooHashINSt7__cxx1112basic_stringIcSt11char_traitsIcESaIcEEEE5hash2ERKS5_
FNDA:2,_ZN10CuckooHashIdED2Ev
FNDA:2,_ZNK10CuckooHashIdE10needResizeEv
FNDA:0,_ZN10CuckooHashINSt7__cxx1112basic_stringIcSt11char_traitsIcESaIcEEEE6resizeEv
FNDA:2,_ZNK10CuckooHashINSt7__cxx1112basic_stringIcSt11char_traitsIcESaIcEEEE10needResizeEv
FNDA:1,_ZNK10CuckooHashINSt7__cxx1112basic_stringIcSt11char_traitsIcESaIcEEEE5emptyEv
FNDA:2,_ZN10CuckooHashIiE15deserialize_binERKNSt7__cxx1112basic_stringIcSt11char_traitsIcESaIcEEE
FNDA:37,_ZN8HashNodeIdEC2Ev
FNDA:14,_ZN8HashNodeINSt7__cxx1112basic_stringIcSt11char_traitsIcESaIcEEEEC2Ev
FNDA:0,_ZN10CuckooHashIdE6resizeEv
FNDA:2,_ZN10CuckooHashIdE4findERKNSt7__cxx1112basic_stringIcSt11char_traitsIcESaIcEEE
FNDA:1,_ZNK10CuckooHashIdE14serialize_textERKNSt7__cxx1112basic_stringIcSt11char_traitsIcESaIcEEE
FNDA:1,_ZN10CuckooHashINSt7__cxx1112basic_stringIcSt11char_traitsIcESaIcEEEED2Ev
FNDA:328,_ZN10CuckooHashIiE6insertERKNSt7__cxx1112basic_stringIcSt11char_traitsIcESaIcEEERKi
FNDA:492,_ZNK10CuckooHashIiE5hash1ERKNSt7__cxx1112basic_stringIcSt11char_traitsIcESaIcEEE
FNDA:1,_ZN10CuckooHashINSt7__cxx1112basic_stringIcSt11char_traitsIcESaIcEEEEC2Ej
FNDA:12,_ZN10CuckooHashIiED2Ev
FNDA:2,_ZN8HashNodeINSt7__cxx1112basic_stringIcSt11char_traitsIcESaIcEEEEC2ERKS5_S8_
FNDA:2,_ZN10CuckooHashINSt7__cxx1112basic_stringIcSt11char_traitsIcESaIcEEEE6removeERKS5_
FNDA:1,_ZN10CuckooHashINSt7__cxx1112basic_stringIcSt11char_traitsIcESaIcEEEE5clearEv
FNDA:5,_ZNK10CuckooHashINSt7__cxx1112basic_stringIcSt11char_traitsIcESaIcEEEE5hash1ERKS5_
FNDA:2,_ZN10CuckooHashIdEC2Ej
FNDA:1,_ZN10CuckooHashIiE6removeERKNSt7__cxx1112basic_stringIcSt11char_traitsIcESaIcEEE
FNDA:2,_ZNK10CuckooHashIdE5hash2ERKNSt7__cxx1112basic_stringIcSt11char_traitsIcESaIcEEE
FNDA:4,_ZNK10CuckooHashIdE5hash1ERKNSt7__cxx1112basic_stringIcSt11char_traitsIcESaIcEEE
FNDA:2,_ZN10CuckooHashIiE16deserialize_textERKNSt7__cxx1112basic_stringIcSt11char_traitsIcESaIcEEE
FNDA:1,_ZNK10CuckooHashIiE5printEv
FNDA:1,_ZNK10CuckooHashIdE4sizeEv
FNDA:2,_ZN10CuckooHashIiEaSERS0_
FNDA:2,_ZN10CuckooHashINSt7__cxx1112basic_stringIcSt11char_traitsIcESaIcEEEE6insertERKS5_S8_
FNDA:1,_ZN10CuckooHashIdE16deserialize_textERKNSt7__cxx1112basic_stringIcSt11char_traitsIcESaIcEEE
FNDA:386,_ZNK10CuckooHashIiE5hash2ERKNSt7__cxx1112basic_stringIcSt11char_traitsIcESaIcEEE
FNDA:11,_ZN10CuckooHashIiE6resizeEv
FNF:46
FNH:44
DA:23,4028
DA:25,342
DA:26,342
DA:27,342
DA:40,501
DA:41,501
DA:42,2745
DA:43,2244
DA:45,501
DA:46,501
DA:47,501
DA:51,392
DA:52,392
DA:53,2141
DA:54,1749
DA:56,392
DA:57,392
DA:58,0
DA:60,392
DA:65,330
DA:66,330
DA:70,11
DA:71,11
DA:72,22
DA:74,11
DA:76,11
DA:77,826
DA:78,815
DA:80,11
DA:82,11
DA:85,413
DA:86,402
DA:87,206
DA:90,11
DA:94,14
DA:96,14
DA:97,57
DA:98,43
DA:100,14
DA:101,14
DA:104,15
DA:106,15
DA:109,2
DA:110,1
DA:111,1
DA:112,4
DA:113,3
DA:115,1
DA:116,1
DA:119,2
DA:120,2
DA:121,1
DA:123,1
DA:124,1
DA:125,1
DA:126,4
DA:127,3
DA:129,1
DA:130,1
DA:134,332
DA:136,332
DA:137,332
DA:138,2
DA:139,331
DA:141,330
DA:142,330
DA:143,0
DA:144,0
DA:148,330
DA:149,10
DA:153,330
DA:154,330
DA:158,383
DA:160,382
DA:161,329
DA:162,329
DA:163,329
DA:167,53
DA:170,53
DA:171,53
DA:173,53
DA:177,1
DA:180,1
DA:184,113
DA:188,113
DA:189,113
DA:190,105
DA:194,8
DA:195,8
DA:196,4
DA:199,4
DA:200,1
DA:201,1
DA:204,3
DA:208,3
DA:212,3
DA:213,3
DA:214,2
DA:215,2
DA:216,2
DA:220,1
DA:221,1
DA:222,0
DA:223,0
DA:224,0
DA:228,1
DA:232,1
DA:233,1
DA:234,1
DA:235,1
DA:236,8
DA:237,7
DA:238,3
DA:239,3
DA:242,1
DA:243,1
DA:249,1
DA:250,2
DA:251,1
DA:252,0
DA:256,1
DA:259,4
DA:260,3
DA:263,2
DA:267,1
DA:268,1
DA:269,1
DA:272,3
DA:273,6
DA:274,3
DA:275,1
DA:278,2
DA:279,2
DA:282,2
DA:283,1
DA:286,1
DA:287,4
DA:288,3
DA:290,1
DA:292,1
DA:293,1
DA:297,2
DA:301,3
DA:302,2
DA:305,2
DA:308,0
DA:312,1
DA:313,1
DA:314,1
DA:322,1
DA:323,2
DA:324,1
DA:325,0
DA:329,1
DA:330,1
DA:333,32
DA:334,31
DA:335,31
DA:337,31
DA:339,10
DA:340,10
DA:343,10
DA:346,10
DA:350,1
DA:351,1
DA:352,1
DA:355,2
DA:356,4
DA:357,2
DA:358,1
DA:362,1
DA:363,1
DA:365,1
DA:366,1
DA:369,1
DA:371,32
DA:372,31
DA:374,1
DA:376,1
DA:377,1
DA:380,32
DA:381,31
DA:382,31
DA:384,31
DA:386,10
DA:387,10
DA:390,10
DA:391,10
DA:392,10
DA:393,10
DA:394,10
DA:398,10
DA:401,10
DA:404,21
DA:408,31
DA:409,0
DA:413,1
DA:414,1
DA:415,1
DA:418,13
DA:419,13
DA:423,3
DA:424,3
DA:428,1
DA:429,4
DA:430,3
DA:432,1
DA:433,1
LF:208
LH:198
end_of_record
TN:
SF:/mnt/c/Users/DAR/Desktop/trash/LR_3/dh.hpp
FN:22,_ZN8HashNodeIdEC2Ev
FN:22,_ZN8HashNodeINSt7__cxx1112basic_stringIcSt11char_traitsIcESaIcEEEEC2Ev
FN:22,_ZN8HashNodeIiEC2Ev
FN:24,_ZN8HashNodeINSt7__cxx1112basic_stringIcSt11char_traitsIcESaIcEEEEC2ERKS5_S8_
FN:24,_ZN8HashNodeIdEC2ERKNSt7__cxx1112basic_stringIcSt11char_traitsIcESaIcEEERKd
FN:24,_ZN8HashNodeIiEC2ERKNSt7__cxx1112basic_stringIcSt11char_traitsIcESaIcEEERKi
FN:39,_ZNK10DoubleHashIdE5hash1ERKNSt7__cxx1112basic_stringIcSt11char_traitsIcESaIcEEE
FN:39,_ZNK10DoubleHashIiE5hash1ERKNSt7__cxx1112basic_stringIcSt11char_traitsIcESaIcEEE
FN:39,_ZNK10DoubleHashINSt7__cxx1112basic_stringIcSt11char_traitsIcESaIcEEEE5hash1ERKS5_
FN:53,_ZNK10DoubleHashINSt7__cxx1112basic_stringIcSt11char_traitsIcESaIcEEEE5hash2ERKS5_
FN:53,_ZNK10DoubleHashIiE5hash2ERKNSt7__cxx1112basic_stringIcSt11char_traitsIcESaIcEEE
FN:53,_ZNK10DoubleHashIdE5hash2ERKNSt7__cxx1112basic_stringIcSt11char_traitsIcESaIcEEE
FN:67,_ZNK10DoubleHashINSt7__cxx1112basic_stringIcSt11char_traitsIcESaIcEEEE10needResizeEv
FN:67,_ZNK10DoubleHashIiE10needResizeEv
FN:67,_ZNK10DoubleHashIdE10needResizeEv
FN:73,_ZN10DoubleHashIiE7isPrimeEj
FN:73,_ZN10DoubleHashINSt7__cxx1112basic_stringIcSt11char_traitsIcESaIcEEEE7isPrimeEj
FN:73,_ZN10DoubleHashIdE7isPrimeEj
FN:84,_ZN10DoubleHashINSt7__cxx1112basic_stringIcSt11char_traitsIcESaIcEEEE9nextPrimeEj
FN:84,_ZN10DoubleHashIiE9nextPrimeEj
FN:84,_ZN10DoubleHashIdE9nextPrimeEj
FN:93,_ZN10DoubleHashINSt7__cxx1112basic_stringIcSt11char_traitsIcESaIcEEEE6resizeEv
FN:93,_ZN10DoubleHashIdE6resizeEv
FN:93,_ZN10DoubleHashIiE6resizeEv
FN:120,_ZN10DoubleHashINSt7__cxx1112basic_stringIcSt11char_traitsIcESaIcEEEEC2Ej
FN:120,_ZN10DoubleHashIdEC2Ej
FN:120,_ZN10DoubleHashIiEC2Ej
FN:133,_ZN10DoubleHashIiED2Ev
FN:133,_ZN10DoubleHashINSt7__cxx1112basic_stringIcSt11char_traitsIcESaIcEEEED2Ev
FN:133,_ZN10DoubleHashIdED2Ev
FN:138,_ZN10DoubleHashIiEC2ERKS0_
FN:149,_ZN10DoubleHashIiEaSERKS0_
FN:172,_ZN10DoubleHashIiE6insertERKNSt7__cxx1112basic_stringIcSt11char_traitsIcESaIcEEERKi
FN:172,_ZN10DoubleHashIdE6insertERKNSt7__cxx1112basic_stringIcSt11char_traitsIcESaIcEEERKd
FN:172,_ZN10DoubleHashINSt7__cxx1112basic_stringIcSt11char_traitsIcESaIcEEEE6insertERKS5_S8_
FN:207,_ZN10DoubleHashINSt7__cxx1112basic_stringIcSt11char_traitsIcESaIcEEEE4findERKS5_
FN:207,_ZN10DoubleHashIdE4findERKNSt7__cxx1112basic_stringIcSt11char_traitsIcESaIcEEE
FN:207,_ZN10DoubleHashIiE4findERKNSt7__cxx1112basic_stringIcSt11char_traitsIcESaIcEEE
FN:234,_ZN10DoubleHashIdE6removeERKNSt7__cxx1112basic_stringIcSt11char_traitsIcESaIcEEE
FN:234,_ZN10DoubleHashIiE6removeERKNSt7__cxx1112basic_stringIcSt11char_traitsIcESaIcEEE
FN:259,_ZNK10DoubleHashIiE5printEv
FN:272,_ZNK10DoubleHashIiE14serialize_textERKNSt7__cxx1112basic_stringIcSt11char_traitsIcESaIcEEE
FN:293,_ZN10DoubleHashIiE16deserialize_textERKNSt7__cxx1112basic_stringIcSt11char_traitsIcESaIcEEE
FN:332,_ZNK10DoubleHashIdE13serialize_binERKNSt7__cxx1112basic_stringIcSt11char_traitsIcESaIcEEE
FN:364,_ZN10DoubleHashIiE15deserialize_binERKNSt7__cxx1112basic_stringIcSt11char_traitsIcESaIcEEE
FN:364,_ZN10DoubleHashIdE15deserialize_binERKNSt7__cxx1112basic_stringIcSt11char_traitsIcESaIcEEE
FN:418,_ZNK10DoubleHashINSt7__cxx1112basic_stringIcSt11char_traitsIcESaIcEEEE4sizeEv
FN:418,_ZNK10DoubleHashIiE4sizeEv
FN:418,_ZNK10DoubleHashIdE4sizeEv
FN:423,_ZNK10DoubleHashIiE5emptyEv
FN:423,_ZNK10DoubleHashIdE5emptyEv
FN:428,_ZN10DoubleHashIdE5clearEv
FNDA:14,_ZN10DoubleHashIiEC2Ej
FNDA:1,_ZN10DoubleHashIdE5clearEv
FNDA:7,_ZN8HashNodeIdEC2ERKNSt7__cxx1112basic_stringIcSt11char_traitsIcESaIcEEERKd
FNDA:4,_ZN10DoubleHashIdED2Ev
FNDA:9,_ZNK10DoubleHashIdE5hash2ERKNSt7__cxx1112basic_stringIcSt11char_traitsIcESaIcEEE
FNDA:5,_ZN10DoubleHashIdE6insertERKNSt7__cxx1112basic_stringIcSt11char_traitsIcESaIcEEERKd
FNDA:0,_ZN10DoubleHashIdE7isPrimeEj
FNDA:222740,_ZN8HashNodeIiEC2ERKNSt7__cxx1112basic_stringIcSt11char_traitsIcESaIcEEERKi
FNDA:1578640,_ZN8HashNodeIiEC2Ev
FNDA:0,_ZN10DoubleHashIdE9nextPrimeEj
FNDA:5,_ZNK10DoubleHashIdE10needResizeEv
FNDA:1,_ZNK10DoubleHashIiE5printEv
FNDA:4,_ZNK10DoubleHashINSt7__cxx1112basic_stringIcSt11char_traitsIcESaIcEEEE5hash1ERKS5_
FNDA:2,_ZN10DoubleHashINSt7__cxx1112basic_stringIcSt11char_traitsIcESaIcEEEE6insertERKS5_S8_
FNDA:13,_ZNK10DoubleHashIiE4sizeEv
FNDA:50005,_ZN10DoubleHashIiE6removeERKNSt7__cxx1112basic_stringIcSt11char_traitsIcESaIcEEE
FNDA:100014,_ZN10DoubleHashIiE4findERKNSt7__cxx1112basic_stringIcSt11char_traitsIcESaIcEEE
FNDA:16,_ZN10DoubleHashIiE9nextPrimeEj
FNDA:222738,_ZNK10DoubleHashIiE10needResizeEv
FNDA:1,_ZN10DoubleHashINSt7__cxx1112basic_stringIcSt11char_traitsIcESaIcEEEED2Ev
FNDA:62,_ZN8HashNodeIdEC2Ev
FNDA:1,_ZNK10DoubleHashINSt7__cxx1112basic_stringIcSt11char_traitsIcESaIcEEEE4sizeEv
FNDA:11,_ZN8HashNodeINSt7__cxx1112basic_stringIcSt11char_traitsIcESaIcEEEEC2Ev
FNDA:372756,_ZNK10DoubleHashIiE5hash1ERKNSt7__cxx1112basic_stringIcSt11char_traitsIcESaIcEEE
FNDA:2,_ZN10DoubleHashIdE15deserialize_binERKNSt7__cxx1112basic_stringIcSt11char_traitsIcESaIcEEE
FNDA:2,_ZNK10DoubleHashIdE4sizeEv
FNDA:2,_ZNK10DoubleHashIdE13serialize_binERKNSt7__cxx1112basic_stringIcSt11char_traitsIcESaIcEEE
FNDA:1,_ZN8HashNodeINSt7__cxx1112basic_stringIcSt11char_traitsIcESaIcEEEEC2ERKS5_S8_
FNDA:372756,_ZNK10DoubleHashIiE5hash2ERKNSt7__cxx1112basic_stringIcSt11char_traitsIcESaIcEEE
FNDA:16,_ZN10DoubleHashIiE6resizeEv
FNDA:0,_ZN10DoubleHashINSt7__cxx1112basic_stringIcSt11char_traitsIcESaIcEEEE9nextPrimeEj
FNDA:158,_ZN10DoubleHashIiE7isPrimeEj
FNDA:14,_ZN10DoubleHashIiED2Ev
FNDA:0,_ZN10DoubleHashINSt7__cxx1112basic_stringIcSt11char_traitsIcESaIcEEEE7isPrimeEj
FNDA:4,_ZN10DoubleHashIdEC2Ej
FNDA:2,_ZNK10DoubleHashINSt7__cxx1112basic_stringIcSt11char_traitsIcESaIcEEEE10needResizeEv
FNDA:2,_ZN10DoubleHashINSt7__cxx1112basic_stringIcSt11char_traitsIcESaIcEEEE4findERKS5_
FNDA:4,_ZN10DoubleHashIdE4findERKNSt7__cxx1112basic_stringIcSt11char_traitsIcESaIcEEE
FNDA:4,_ZNK10DoubleHashINSt7__cxx1112basic_stringIcSt11char_traitsIcESaIcEEEE5hash2ERKS5_
FNDA:3,_ZNK10DoubleHashIiE5emptyEv
FNDA:222738,_ZN10DoubleHashIiE6insertERKNSt7__cxx1112basic_stringIcSt11char_traitsIcESaIcEEERKi
FNDA:2,_ZNK10DoubleHashIiE14serialize_textERKNSt7__cxx1112basic_stringIcSt11char_traitsIcESaIcEEE
FNDA:3,_ZN10DoubleHashIiE16deserialize_textERKNSt7__cxx1112basic_stringIcSt11char_traitsIcESaIcEEE
FNDA:1,_ZN10DoubleHashIiE15deserialize_binERKNSt7__cxx1112basic_stringIcSt11char_traitsIcESaIcEEE
FNDA:1,_ZNK10DoubleHashIdE5emptyEv
FNDA:0,_ZN10DoubleHashIdE6resizeEv
FNDA:1,_ZN10DoubleHashIdE6removeERKNSt7__cxx1112basic_stringIcSt11char_traitsIcESaIcEEE
FNDA:1,_ZN10DoubleHashIiEC2ERKS0_
FNDA:2,_ZN10DoubleHashIiEaSERKS0_
FNDA:9,_ZNK10DoubleHashIdE5hash1ERKNSt7__cxx1112basic_stringIcSt11char_traitsIcESaIcEEE
FNDA:1,_ZN10DoubleHashINSt7__cxx1112basic_stringIcSt11char_traitsIcESaIcEEEEC2Ej
FNDA:0,_ZN10DoubleHashINSt7__cxx1112basic_stringIcSt11char_traitsIcESaIcEEEE6resizeEv
FNF:52
FNH:46
DA:22,1578713
DA:24,222748
DA:25,222748
DA:26,222748
DA:39,372769
DA:41,372769
DA:42,6336429
DA:43,5963666
DA:47,372769
DA:48,372769
DA:49,372769
DA:53,372769
DA:55,372769
DA:56,6336429
DA:57,5963666
DA:61,372769
DA:63,372769
DA:67,222745
DA:68,222745
DA:69,222745
DA:73,158
DA:74,158
DA:75,158
DA:76,158
DA:77,478
DA:78,462
DA:80,16
DA:84,16
DA:85,16
DA:86,158
DA:87,142
DA:89,16
DA:93,16
DA:94,16
DA:95,32
DA:99,16
DA:102,16
DA:103,350770
DA:104,350754
DA:106,16
DA:108,16
DA:111,175322
DA:112,175306
DA:113,122723
DA:116,16
DA:120,19
DA:122,20
DA:123,19
DA:124,1
DA:126,93
DA:127,75
DA:129,18
DA:130,18
DA:133,19
DA:135,19
DA:138,2
DA:139,1
DA:140,1
DA:142,6
DA:143,5
DA:145,1
DA:146,1
DA:149,2
DA:151,2
DA:152,1
DA:156,1
DA:157,1
DA:160,1
DA:163,6
DA:164,5
DA:166,1
DA:168,1
DA:172,222745
DA:173,222745
DA:174,16
DA:176,222745
DA:177,222745
DA:178,222745
DA:180,222745
DA:182,32955207
DA:183,32955207
DA:186,32955207
DA:187,1
DA:188,1
DA:192,32955206
DA:194,222744
DA:195,222744
DA:196,222744
DA:199,32732500
DA:203,0
DA:207,100020
DA:208,100020
DA:210,100019
DA:211,100019
DA:212,100019
DA:214,21534305
DA:215,21534305
DA:218,21534305
DA:219,5
DA:223,21534304
DA:224,100014
DA:227,21434300
DA:230,0
DA:234,50006
DA:235,50006
DA:237,50005
DA:238,50005
DA:239,50005
DA:241,6037911
DA:242,6037911
DA:245,6037911
DA:246,50003
DA:247,50003
DA:248,50003
DA:249,50003
DA:252,5987910
DA:255,2
DA:259,1
DA:260,1
DA:261,1
DA:262,1
DA:263,4
DA:264,3
DA:265,1
DA:268,1
DA:269,1
DA:272,2
DA:273,4
DA:274,2
DA:275,1
DA:279,1
DA:282,4
DA:283,3
DA:284,2
DA:288,1
DA:289,1
DA:290,1
DA:293,3
DA:294,6
DA:295,3
DA:296,1
DA:299,2
DA:300,2
DA:303,2
DA:304,2
DA:305,1
DA:308,1
DA:309,4
DA:310,3
DA:312,1
DA:314,1
DA:315,1
DA:319,2
DA:323,3
DA:324,2
DA:327,1
DA:328,1
DA:329,1
DA:332,2
DA:333,4
DA:334,2
DA:335,1
DA:339,1
DA:340,1
DA:342,4
DA:343,3
DA:344,3
DA:346,3
DA:348,2
DA:349,2
DA:352,2
DA:355,2
DA:359,1
DA:360,1
DA:361,1
DA:364,3
DA:365,6
DA:366,3
DA:367,1
DA:371,2
DA:372,2
DA:374,2
DA:375,2
DA:377,2
DA:378,4
DA:379,3
DA:381,1
DA:383,1
DA:384,1
DA:387,4
DA:388,3
DA:389,3
DA:391,3
DA:393,2
DA:394,2
DA:396,2
DA:397,2
DA:399,2
DA:400,2
DA:401,2
DA:405,2
DA:407,2
DA:409,1
DA:413,1
DA:414,1
DA:415,1
DA:418,16
DA:419,16
DA:423,4
DA:424,4
DA:428,1
DA:429,4
DA:430,3
DA:432,1
DA:433,1
LF:215
LH:213
end_of_record
TN:
SF:/mnt/c/Users/DAR/Desktop/trash/LR_3/doubly_list.hpp
FN:29,_ZNK10DoublyListIiE13print_forwardEv
FN:44,_ZNK10DoublyListIiE14print_backwardEv
FN:59,_ZN10DoublyListIdEC2Ev
FN:59,_ZN10DoublyListIiEC2Ev
FN:62,_ZN10DoublyListIdED2Ev
FN:62,_ZN10DoublyListIiED2Ev
FN:71,_ZN10DoublyListIiEC2ERKS0_
FN:82,_ZN10DoublyListIiEaSERKS0_
FN:96,_ZN10DoublyListIiE7LCREATEEi
FN:107,_ZN10DoublyListIiE10LPUSH_HEADEi
FN:119,_ZN10DoublyListIiE10LPUSH_BACKEi
FN:119,_ZN10DoublyListIdE10LPUSH_BACKEd
FN:131,_ZN10DoublyListIiE9LDEL_HEADEv
FN:148,_ZN10DoublyListIiE9LDEL_BACKEv
FN:164,_ZNK10DoublyListIiE13LGET_BY_VALUEEi
FN:176,_ZN10DoublyListIiE12LPUSH_BEFOREEii
FN:196,_ZN10DoublyListIiE11LPUSH_AFTEREii
FN:215,_ZN10DoublyListIiE10LDEL_AFTEREi
FN:240,_ZN10DoublyListIiE11LDEL_BEFOREEi
FN:265,_ZN10DoublyListIiE13LDEL_BY_VALUEEi
FN:283,_ZNK10DoublyListIiE5PRINTEi
FN:297,_ZNK10DoublyListIiE5LSAVEERKNSt7__cxx1112basic_stringIcSt11char_traitsIcESaIcEEE
FN:312,_ZN10DoublyListIiE5LLOADERKNSt7__cxx1112basic_stringIcSt11char_traitsIcESaIcEEE
FN:344,_ZNK10DoublyListIdE9LSAVE_BINERKNSt7__cxx1112basic_stringIcSt11char_traitsIcESaIcEEE
FN:361,_ZN10DoublyListIdE9LLOAD_BINERKNSt7__cxx1112basic_stringIcSt11char_traitsIcESaIcEEE
FN:384,_ZNK10DoublyListIdE7GetHeadEv
FN:384,_ZNK10DoublyListIiE7GetHeadEv
FN:388,_ZNK10DoublyListIdE7GetTailEv
FN:388,_ZNK10DoublyListIiE7GetTailEv
FNDA:2,_ZN10DoublyListIdEC2Ev
FNDA:5,_ZN10DoublyListIiE9LDEL_BACKEv
FNDA:1,_ZNK10DoublyListIdE9LSAVE_BINERKNSt7__cxx1112basic_stringIcSt11char_traitsIcESaIcEEE
FNDA:16,_ZNK10DoublyListIiE7GetTailEv
FNDA:3,_ZN10DoublyListIiEC2ERKS0_
FNDA:4,_ZN10DoublyListIiE11LDEL_BEFOREEi
FNDA:4,_ZN10DoublyListIiE13LDEL_BY_VALUEEi
FNDA:4,_ZN10DoublyListIiE10LDEL_AFTEREi
FNDA:2,_ZN10DoublyListIiE5LLOADERKNSt7__cxx1112basic_stringIcSt11char_traitsIcESaIcEEE
FNDA:23,_ZNK10DoublyListIiE7GetHeadEv
FNDA:12,_ZN10DoublyListIiEC2Ev
FNDA:2,_ZNK10DoublyListIiE14print_backwardEv
FNDA:3,_ZN10DoublyListIiE10LPUSH_HEADEi
FNDA:2,_ZN10DoublyListIdE9LLOAD_BINERKNSt7__cxx1112basic_stringIcSt11char_traitsIcESaIcEEE
FNDA:2,_ZN10DoublyListIdED2Ev
FNDA:2,_ZN10DoublyListIiE7LCREATEEi
FNDA:3,_ZN10DoublyListIiE12LPUSH_BEFOREEii
FNDA:2,_ZNK10DoublyListIdE7GetHeadEv
FNDA:2,_ZN10DoublyListIiEaSERKS0_
FNDA:23,_ZNK10DoublyListIiE13LGET_BY_VALUEEi
FNDA:1,_ZNK10DoublyListIdE7GetTailEv
FNDA:1,_ZNK10DoublyListIiE5LSAVEERKNSt7__cxx1112basic_stringIcSt11char_traitsIcESaIcEEE
FNDA:6,_ZN10DoublyListIiE9LDEL_HEADEv
FNDA:15,_ZN10DoublyListIiED2Ev
FNDA:2,_ZNK10DoublyListIiE13print_forwardEv
FNDA:3,_ZN10DoublyListIiE11LPUSH_AFTEREii
FNDA:29,_ZN10DoublyListIiE10LPUSH_BACKEi
FNDA:5,_ZNK10DoublyListIiE5PRINTEi
FNDA:7,_ZN10DoublyListIdE10LPUSH_BACKEd
FNF:29
FNH:29
DA:29,2
DA:30,2
DA:31,1
DA:32,1
DA:34,1
DA:35,1
DA:36,3
DA:37,2
DA:38,2
DA:40,1
DA:44,2
DA:45,2
DA:46,1
DA:47,1
DA:49,1
DA:50,1
DA:51,3
DA:52,2
DA:53,2
DA:55,1
DA:59,14
DA:62,47
DA:63,47
DA:64,30
DA:65,30
DA:66,30
DA:68,17
DA:71,3
DA:72,3
DA:73,1
DA:75,2
DA:76,6
DA:77,4
DA:78,4
DA:82,2
DA:83,2
DA:85,2
DA:88,1
DA:89,1
DA:92,2
DA:96,2
DA:97,2
DA:99,1
DA:101,1
DA:102,1
DA:103,1
DA:104,1
DA:107,3
DA:108,3
DA:110,3
DA:111,2
DA:113,1
DA:115,3
DA:116,3
DA:119,36
DA:120,36
DA:122,36
DA:123,23
DA:125,13
DA:127,36
DA:128,36
DA:131,6
DA:132,6
DA:133,1
DA:136,5
DA:137,5
DA:139,5
DA:140,4
DA:142,1
DA:144,5
DA:145,5
DA:148,5
DA:149,5
DA:150,1
DA:153,4
DA:154,4
DA:156,4
DA:157,3
DA:159,1
DA:160,4
DA:161,4
DA:164,23
DA:165,23
DA:166,69
DA:167,62
DA:168,16
DA:170,46
DA:172,7
DA:176,3
DA:177,3
DA:179,3
DA:180,1
DA:183,2
DA:184,1
DA:185,1
DA:188,1
DA:190,1
DA:191,1
DA:192,1
DA:196,3
DA:197,3
DA:199,3
DA:200,1
DA:203,2
DA:204,1
DA:205,1
DA:207,1
DA:208,1
DA:210,1
DA:211,1
DA:215,4
DA:216,4
DA:218,4
DA:219,1
DA:222,3
DA:223,1
DA:226,2
DA:229,2
DA:230,1
DA:233,1
DA:234,1
DA:235,1
DA:237,2
DA:240,4
DA:241,4
DA:243,4
DA:244,1
DA:247,3
DA:248,1
DA:251,2
DA:254,2
DA:255,1
DA:258,1
DA:259,1
DA:260,1
DA:262,2
DA:265,4
DA:266,4
DA:267,4
DA:268,1
DA:271,3
DA:272,1
DA:273,2
DA:274,1
DA:277,1
DA:278,1
DA:279,1
DA:281,3
DA:283,5
DA:284,5
DA:285,2
DA:286,2
DA:287,2
DA:288,2
DA:289,2
DA:290,2
DA:291,1
DA:292,1
DA:294,4
DA:297,1
DA:298,2
DA:299,1
DA:300,0
DA:302,1
DA:303,3
DA:304,2
DA:305,2
DA:307,1
DA:308,1
DA:309,1
DA:312,2
DA:313,4
DA:314,2
DA:315,1
DA:319,1
DA:320,0
DA:321,0
DA:322,0
DA:325,1
DA:328,1
DA:329,3
DA:330,2
DA:331,1
DA:332,1
DA:333,1
DA:334,1
DA:336,1
DA:339,1
DA:340,1
DA:341,1
DA:344,1
DA:345,2
DA:346,1
DA:347,0
DA:350,1
DA:351,4
DA:353,3
DA:354,3
DA:356,1
DA:357,1
DA:358,1
DA:361,2
DA:362,4
DA:363,2
DA:364,1
DA:368,2
DA:369,1
DA:370,1
DA:371,1
DA:373,1
DA:377,4
DA:378,3
DA:380,1
DA:381,1
DA:382,1
DA:384,25
DA:385,25
DA:388,17
DA:389,17
LF:219
LH:214
end_of_record
TN:
SF:/mnt/c/Users/DAR/Desktop/trash/LR_3/queue.hpp
FN:24,_ZN5QueueIP8TreeNodeIiEE6resizeEv
FN:24,_ZN5QueueIiE6resizeEv
FN:24,_ZN5QueueIdE6resizeEv
FN:24,_ZN5QueueINSt7__cxx1112basic_stringIcSt11char_traitsIcESaIcEEEE6resizeEv
FN:42,_ZN5QueueIdEC2Ev
FN:42,_ZN5QueueIiEC2Ev
FN:42,_ZN5QueueINSt7__cxx1112basic_stringIcSt11char_traitsIcESaIcEEEEC2Ev
FN:42,_ZN5QueueIP8TreeNodeIiEEC2Ev
FN:53,_ZN5QueueIiEC2Ej
FN:64,_ZN5QueueIP8TreeNodeIiEED2Ev
FN:64,_ZN5QueueINSt7__cxx1112basic_stringIcSt11char_traitsIcESaIcEEEED2Ev
FN:64,_ZN5QueueIiED2Ev
FN:64,_ZN5QueueIdED2Ev
FN:69,_ZN5QueueIiEC2ERKS0_
FN:80,_ZN5QueueIiEaSERKS0_
FN:98,_ZN5QueueIP8TreeNodeIiEE5QPUSHES2_
FN:98,_ZN5QueueIdE5QPUSHEd
FN:98,_ZN5QueueIiE5QPUSHEi
FN:98,_ZN5QueueINSt7__cxx1112basic_stringIcSt11char_traitsIcESaIcEEEE5QPUSHES5_
FN:108,_ZN5QueueIdE4QPOPEv
FN:108,_ZN5QueueIiE4QPOPEv
FN:108,_ZN5QueueINSt7__cxx1112basic_stringIcSt11char_traitsIcESaIcEEEE4QPOPEv
FN:108,_ZN5QueueIP8TreeNodeIiEE4QPOPEv
FN:119,_ZNK5QueueINSt7__cxx1112basic_stringIcSt11char_traitsIcESaIcEEEE4QGETEv
FN:119,_ZNK5QueueIiE4QGETEv
FN:127,_ZNK5QueueIiE5PRINTEv
FN:140,_ZNK5QueueINSt7__cxx1112basic_stringIcSt11char_traitsIcESaIcEEEE5QSAVEERKS5_
FN:154,_ZN5QueueIiE5QLOADERKNSt7__cxx1112basic_stringIcSt11char_traitsIcESaIcEEE
FN:154,_ZN5QueueINSt7__cxx1112basic_stringIcSt11char_traitsIcESaIcEEEE5QLOADERKS5_
FN:185,_ZNK5QueueIdE12QSAVE_BINARYERKNSt7__cxx1112basic_stringIcSt11char_traitsIcESaIcEEE
FN:209,_ZN5QueueIdE12QLOAD_BINARYERKNSt7__cxx1112basic_stringIcSt11char_traitsIcESaIcEEE
FN:247,_ZNK5QueueIiE5emptyEv
FN:247,_ZNK5QueueIP8TreeNodeIiEE5emptyEv
FN:251,_ZNK5QueueIiE7GetSizeEv
FN:251,_ZNK5QueueINSt7__cxx1112basic_stringIcSt11char_traitsIcESaIcEEEE7GetSizeEv
FN:251,_ZNK5QueueIdE7GetSizeEv
FNDA:1,_ZNK5QueueINSt7__cxx1112basic_stringIcSt11char_traitsIcESaIcEEEE4QGETEv
FNDA:3,_ZN5QueueIiE6resizeEv
FNDA:1,_ZN5QueueINSt7__cxx1112basic_stringIcSt11char_traitsIcESaIcEEEE5QLOADERKS5_
FNDA:5,_ZN5QueueINSt7__cxx1112basic_stringIcSt11char_traitsIcESaIcEEEE4QPOPEv
FNDA:2,_ZN5QueueIdE6resizeEv
FNDA:5,_ZN5QueueINSt7__cxx1112basic_stringIcSt11char_traitsIcESaIcEEEE6resizeEv
FNDA:6,_ZN5QueueIP8TreeNodeIiEE5QPUSHES2_
FNDA:2,_ZN5QueueIdEC2Ev
FNDA:1,_ZNK5QueueIdE12QSAVE_BINARYERKNSt7__cxx1112basic_stringIcSt11char_traitsIcESaIcEEE
FNDA:2,_ZN5QueueIdE4QPOPEv
FNDA:1,_ZNK5QueueINSt7__cxx1112basic_stringIcSt11char_traitsIcESaIcEEEE5QSAVEERKS5_
FNDA:1,_ZN5QueueIiEC2ERKS0_
FNDA:18,_ZN5QueueIiE4QPOPEv
FNDA:4,_ZN5QueueIdE5QPUSHEd
FNDA:2,_ZN5QueueIP8TreeNodeIiEE6resizeEv
FNDA:5,_ZN5QueueIiEC2Ev
FNDA:3,_ZN5QueueINSt7__cxx1112basic_stringIcSt11char_traitsIcESaIcEEEEC2Ev
FNDA:2,_ZN5QueueIiE5QLOADERKNSt7__cxx1112basic_stringIcSt11char_traitsIcESaIcEEE
FNDA:2,_ZN5QueueIP8TreeNodeIiEED2Ev
FNDA:3,_ZN5QueueINSt7__cxx1112basic_stringIcSt11char_traitsIcESaIcEEEED2Ev
FNDA:4,_ZNK5QueueIiE5emptyEv
FNDA:12,_ZN5QueueIiED2Ev
FNDA:8,_ZN5QueueINSt7__cxx1112basic_stringIcSt11char_traitsIcESaIcEEEE5QPUSHES5_
FNDA:1,_ZNK5QueueIdE7GetSizeEv
FNDA:1,_ZN5QueueIdE12QLOAD_BINARYERKNSt7__cxx1112basic_stringIcSt11char_traitsIcESaIcEEE
FNDA:6,_ZN5QueueIP8TreeNodeIiEE4QPOPEv
FNDA:3,_ZNK5QueueIiE4QGETEv
FNDA:2,_ZN5QueueIdED2Ev
FNDA:2,_ZN5QueueIP8TreeNodeIiEEC2Ev
FNDA:8,_ZNK5QueueIP8TreeNodeIiEE5emptyEv
FNDA:19,_ZN5QueueIiE5QPUSHEi
FNDA:2,_ZN5QueueIiEaSERKS0_
FNDA:2,_ZNK5QueueIiE5PRINTEv
FNDA:13,_ZNK5QueueIiE7GetSizeEv
FNDA:6,_ZN5QueueIiEC2Ej
FNDA:1,_ZNK5QueueINSt7__cxx1112basic_stringIcSt11char_traitsIcESaIcEEEE7GetSizeEv
FNF:36
FNH:36
DA:24,12
DA:25,12
DA:26,26
DA:29,30
DA:30,18
DA:33,19
DA:35,12
DA:36,12
DA:37,12
DA:38,12
DA:39,12
DA:42,12
DA:46,15
DA:47,24
DA:48,12
DA:50,12
DA:53,6
DA:57,6
DA:58,32
DA:59,26
DA:61,6
DA:64,19
DA:65,29
DA:66,19
DA:69,1
DA:70,1
DA:71,1
DA:72,1
DA:73,1
DA:74,6
DA:75,5
DA:77,1
DA:80,2
DA:81,2
DA:82,1
DA:85,1
DA:86,1
DA:87,1
DA:88,1
DA:89,1
DA:90,1
DA:91,6
DA:92,5
DA:94,1
DA:98,37
DA:99,37
DA:100,12
DA:102,37
DA:103,37
DA:104,37
DA:105,37
DA:108,31
DA:109,31
DA:110,1
DA:112,30
DA:113,30
DA:114,30
DA:115,30
DA:119,4
DA:120,4
DA:121,1
DA:123,3
DA:127,2
DA:128,2
DA:129,2
DA:130,1
DA:132,3
DA:133,2
DA:136,2
DA:137,2
DA:140,1
DA:141,2
DA:142,1
DA:143,0
DA:145,1
DA:146,4
DA:147,3
DA:149,1
DA:150,1
DA:151,1
DA:154,3
DA:155,6
DA:156,3
DA:157,1
DA:161,2
DA:162,2
DA:163,2
DA:165,2
DA:166,2
DA:167,0
DA:170,2
DA:171,5
DA:172,3
DA:176,2
DA:177,1
DA:180,1
DA:181,1
DA:182,1
DA:185,1
DA:186,2
DA:187,1
DA:188,0
DA:192,1
DA:195,3
DA:196,2
DA:197,2
DA:200,1
DA:201,0
DA:204,1
DA:205,1
DA:206,1
DA:209,1
DA:210,2
DA:211,1
DA:212,0
DA:216,1
DA:217,1
DA:218,1
DA:221,1
DA:223,1
DA:225,1
DA:226,0
DA:230,3
DA:233,2
DA:236,2
DA:237,0
DA:240,2
DA:243,1
DA:244,1
DA:245,1
DA:247,12
DA:248,12
DA:251,15
DA:252,15
LF:134
LH:127
end_of_record
TN:
SF:/mnt/c/Users/DAR/Desktop/trash/LR_3/singly_list.hpp
FN:26,_ZN11ForwardListIiEC2Ev
FN:31,_ZN11ForwardListIiEC2ERKS0_
FN:47,_ZN11ForwardListIiEaSERKS0_
FN:56,_ZN11ForwardListIiED2Ev
FN:65,_ZN11ForwardListIiE13FPUSH_FORWARDEP5SNodeIiEi
FN:75,_ZN11ForwardListIiE7FCREATEEi
FN:86,_ZNK11ForwardListIiE5PRINTEv
FN:100,_ZN11ForwardListIiE10FPUSH_HEADEi
FN:107,_ZN11ForwardListIiE10FPUSH_BACKEi
FN:124,_ZN11ForwardListIiE12FPUSH_BEFOREEii
FN:148,_ZN11ForwardListIiE9FDEL_HEADEv
FN:159,_ZN11ForwardListIiE9FDEL_BACKEv
FN:180,_ZN11ForwardListIiE10FDEL_AFTEREP5SNodeIiE
FN:195,_ZN11ForwardListIiE11FDEL_BEFOREEi
FN:234,_ZN11ForwardListIiE13FDEL_BY_VALUEEi
FN:259,_ZNK11ForwardListIiE13FGET_BY_VALUEEi
FN:271,_ZNK11ForwardListIiE5FSAVEERKNSt7__cxx1112basic_stringIcSt11char_traitsIcESaIcEEE
FN:285,_ZN11ForwardListIiE5FLOADERKNSt7__cxx1112basic_stringIcSt11char_traitsIcESaIcEEE
FN:316,_ZNK11ForwardListIiE10FSERIALIZEERKNSt7__cxx1112basic_stringIcSt11char_traitsIcESaIcEEE
FN:338,_ZN11ForwardListIiE12FDESERIALIZEERKNSt7__cxx1112basic_stringIcSt11char_traitsIcESaIcEEE
FN:374,_ZNK11ForwardListIiE7GetHeadEv
FNDA:6,_ZN11ForwardListIiE11FDEL_BEFOREEi
FNDA:4,_ZN11ForwardListIiE7FCREATEEi
FNDA:8,_ZN11ForwardListIiE9FDEL_HEADEv
FNDA:3,_ZN11ForwardListIiE9FDEL_BACKEv
FNDA:2,_ZNK11ForwardListIiE13FGET_BY_VALUEEi
FNDA:27,_ZNK11ForwardListIiE7GetHeadEv
FNDA:2,_ZN11ForwardListIiE10FPUSH_HEADEi
FNDA:4,_ZN11ForwardListIiE10FDEL_AFTEREP5SNodeIiE
FNDA:1,_ZNK11ForwardListIiE5FSAVEERKNSt7__cxx1112basic_stringIcSt11char_traitsIcESaIcEEE
FNDA:25,_ZN11ForwardListIiE10FPUSH_BACKEi
FNDA:3,_ZN11ForwardListIiEC2ERKS0_
FNDA:4,_ZN11ForwardListIiE12FPUSH_BEFOREEii
FNDA:2,_ZNK11ForwardListIiE5PRINTEv
FNDA:2,_ZN11ForwardListIiEaSERKS0_
FNDA:19,_ZN11ForwardListIiED2Ev
FNDA:16,_ZN11ForwardListIiEC2Ev
FNDA:1,_ZNK11ForwardListIiE10FSERIALIZEERKNSt7__cxx1112basic_stringIcSt11char_traitsIcESaIcEEE
FNDA:3,_ZN11ForwardListIiE13FPUSH_FORWARDEP5SNodeIiEi
FNDA:3,_ZN11ForwardListIiE5FLOADERKNSt7__cxx1112basic_stringIcSt11char_traitsIcESaIcEEE
FNDA:2,_ZN11ForwardListIiE12FDESERIALIZEERKNSt7__cxx1112basic_stringIcSt11char_traitsIcESaIcEEE
FNDA:4,_ZN11ForwardListIiE13FDEL_BY_VALUEEi
FNF:21
FNH:21
DA:26,16
DA:27,16
DA:28,16
DA:31,3
DA:32,3
DA:33,3
DA:34,1
DA:36,2
DA:37,2
DA:38,2
DA:39,4
DA:40,2
DA:41,2
DA:42,2
DA:47,2
DA:48,2
DA:49,2
DA:50,1
DA:52,2
DA:56,45
DA:57,45
DA:58,26
DA:59,26
DA:60,26
DA:62,19
DA:65,3
DA:66,3
DA:67,1
DA:69,2
DA:70,2
DA:71,2
DA:72,2
DA:75,5
DA:77,5
DA:78,1
DA:79,1
DA:80,1
DA:82,4
DA:83,4
DA:86,2
DA:87,2
DA:88,1
DA:89,1
DA:91,1
DA:92,3
DA:93,2
DA:94,2
DA:96,1
DA:100,2
DA:101,2
DA:102,2
DA:103,2
DA:104,2
DA:107,25
DA:108,25
DA:110,25
DA:111,9
DA:112,9
DA:115,16
DA:116,28
DA:117,12
DA:120,16
DA:124,4
DA:125,4
DA:126,1
DA:129,3
DA:130,1
DA:131,1
DA:134,2
DA:135,4
DA:136,2
DA:139,2
DA:140,1
DA:143,1
DA:148,8
DA:149,8
DA:150,1
DA:153,7
DA:154,7
DA:155,7
DA:156,7
DA:159,3
DA:160,3
DA:161,1
DA:164,2
DA:165,1
DA:166,1
DA:167,1
DA:170,1
DA:171,3
DA:172,2
DA:175,1
DA:176,1
DA:180,4
DA:181,4
DA:182,1
DA:185,3
DA:186,1
DA:189,2
DA:190,2
DA:191,2
DA:192,2
DA:195,6
DA:196,6
DA:197,1
DA:201,5
DA:202,1
DA:206,4
DA:207,1
DA:211,3
DA:212,1
DA:213,1
DA:216,2
DA:217,2
DA:219,3
DA:220,2
DA:221,1
DA:222,1
DA:223,1
DA:225,1
DA:228,1
DA:229,1
DA:234,4
DA:235,4
DA:236,1
DA:239,3
DA:240,1
DA:241,1
DA:244,2
DA:245,3
DA:246,1
DA:249,2
DA:250,1
DA:251,1
DA:252,1
DA:254,1
DA:259,2
DA:260,2
DA:261,4
DA:262,4
DA:263,2
DA:265,2
DA:267,0
DA:271,1
DA:272,2
DA:273,1
DA:274,0
DA:276,1
DA:277,3
DA:278,2
DA:279,2
DA:281,1
DA:282,1
DA:285,3
DA:286,6
DA:287,3
DA:288,1
DA:291,5
DA:292,3
DA:296,2
DA:297,6
DA:298,4
DA:299,2
DA:300,2
DA:302,2
DA:305,2
DA:308,2
DA:310,2
DA:311,0
DA:313,2
DA:316,1
DA:318,2
DA:319,1
DA:320,0
DA:323,1
DA:324,3
DA:328,2
DA:329,2
DA:330,0
DA:332,2
DA:334,1
DA:335,1
DA:338,2
DA:339,4
DA:340,2
DA:341,1
DA:345,1
DA:346,0
DA:350,1
DA:353,3
DA:355,2
DA:357,2
DA:358,1
DA:359,1
DA:361,1
DA:362,1
DA:367,1
DA:368,0
DA:371,1
DA:372,1
DA:374,27
DA:375,27
LF:202
LH:195
end_of_record
TN:
SF:/mnt/c/Users/DAR/Desktop/trash/LR_3/stack.hpp
FN:20,_ZN5StackIiE11doubleStackEv
FN:20,_ZN5StackIdE11doubleStackEv
FN:20,_ZN5StackINSt7__cxx1112basic_stringIcSt11char_traitsIcESaIcEEEE11doubleStackEv
FN:32,_ZN5StackINSt7__cxx1112basic_stringIcSt11char_traitsIcESaIcEEEEC2Ev
FN:32,_ZN5StackIiEC2Ev
FN:32,_ZN5StackIdEC2Ev
FN:41,_ZN5StackIiEC2Ej
FN:53,_ZN5StackIdED2Ev
FN:53,_ZN5StackIiED2Ev
FN:53,_ZN5StackINSt7__cxx1112basic_stringIcSt11char_traitsIcESaIcEEEED2Ev
FN:57,_ZN5StackIiEC2ERKS0_
FN:67,_ZN5StackIiEaSERKS0_
FN:82,_ZN5StackIdE5SPUSHEd
FN:82,_ZN5StackINSt7__cxx1112basic_stringIcSt11char_traitsIcESaIcEEEE5SPUSHES5_
FN:82,_ZN5StackIiE5SPUSHEi
FN:89,_ZN5StackIiE4SPOPEv
FN:89,_ZN5StackIdE4SPOPEv
FN:89,_ZN5StackINSt7__cxx1112basic_stringIcSt11char_traitsIcESaIcEEEE4SPOPEv
FN:98,_ZN5StackIiE5PRINTEv
FN:106,_ZN5StackIiE5SSAVEERKNSt7__cxx1112basic_stringIcSt11char_traitsIcESaIcEEE
FN:120,_ZN5StackIiE5SLOADERKNSt7__cxx1112basic_stringIcSt11char_traitsIcESaIcEEE
FN:142,_ZN5StackIdE12SSAVE_BINARYERKNSt7__cxx1112basic_stringIcSt11char_traitsIcESaIcEEE
FN:165,_ZN5StackIdE12SLOAD_BINARYERKNSt7__cxx1112basic_stringIcSt11char_traitsIcESaIcEEE
FN:198,_ZN5StackIiE7GetSizeEv
FN:198,_ZN5StackINSt7__cxx1112basic_stringIcSt11char_traitsIcESaIcEEEE7GetSizeEv
FN:198,_ZN5StackIdE7GetSizeEv
FNDA:1,_ZN5StackINSt7__cxx1112basic_stringIcSt11char_traitsIcESaIcEEEE7GetSizeEv
FNDA:1,_ZN5StackIdE7GetSizeEv
FNDA:10,_ZN5StackIiED2Ev
FNDA:2,_ZN5StackIdED2Ev
FNDA:11,_ZN5StackIiE7GetSizeEv
FNDA:2,_ZN5StackIdE4SPOPEv
FNDA:1,_ZN5StackINSt7__cxx1112basic_stringIcSt11char_traitsIcESaIcEEEEC2Ev
FNDA:2,_ZN5StackINSt7__cxx1112basic_stringIcSt11char_traitsIcESaIcEEEE4SPOPEv
FNDA:2,_ZN5StackIiEaSERKS0_
FNDA:3,_ZN5StackIiEC2Ej
FNDA:2,_ZN5StackIdE5SPUSHEd
FNDA:1,_ZN5StackIiE5PRINTEv
FNDA:11,_ZN5StackIiE4SPOPEv
FNDA:2,_ZN5StackINSt7__cxx1112basic_stringIcSt11char_traitsIcESaIcEEEE5SPUSHES5_
FNDA:1,_ZN5StackIdE11doubleStackEv
FNDA:1,_ZN5StackIiE5SSAVEERKNSt7__cxx1112basic_stringIcSt11char_traitsIcESaIcEEE
FNDA:18,_ZN5StackIiE5SPUSHEi
FNDA:1,_ZN5StackINSt7__cxx1112basic_stringIcSt11char_traitsIcESaIcEEEED2Ev
FNDA:2,_ZN5StackIdE12SLOAD_BINARYERKNSt7__cxx1112basic_stringIcSt11char_traitsIcESaIcEEE
FNDA:1,_ZN5StackINSt7__cxx1112basic_stringIcSt11char_traitsIcESaIcEEEE11doubleStackEv
FNDA:1,_ZN5StackIiEC2ERKS0_
FNDA:2,_ZN5StackIdEC2Ev
FNDA:7,_ZN5StackIiEC2Ev
FNDA:1,_ZN5StackIdE12SSAVE_BINARYERKNSt7__cxx1112basic_stringIcSt11char_traitsIcESaIcEEE
FNDA:2,_ZN5StackIiE5SLOADERKNSt7__cxx1112basic_stringIcSt11char_traitsIcESaIcEEE
FNDA:8,_ZN5StackIiE11doubleStackEv
FNF:26
FNH:26
DA:20,10
DA:21,10
DA:22,12
DA:23,10
DA:24,24
DA:25,14
DA:27,11
DA:28,10
DA:29,10
DA:32,10
DA:33,10
DA:34,10
DA:35,11
DA:36,20
DA:37,10
DA:39,10
DA:41,3
DA:42,3
DA:43,1
DA:45,2
DA:46,2
DA:47,2
DA:48,14
DA:49,12
DA:51,2
DA:53,13
DA:54,15
DA:55,13
DA:57,1
DA:58,1
DA:59,1
DA:60,1
DA:61,3
DA:62,2
DA:64,1
DA:67,2
DA:68,2
DA:69,1
DA:71,1
DA:73,1
DA:74,1
DA:75,1
DA:76,3
DA:77,2
DA:79,1
DA:82,22
DA:83,22
DA:84,10
DA:86,22
DA:87,22
DA:89,15
DA:90,15
DA:91,1
DA:93,14
DA:94,14
DA:95,14
DA:98,1
DA:99,3
DA:100,2
DA:102,1
DA:103,1
DA:106,1
DA:107,2
DA:108,1
DA:109,0
DA:111,1
DA:112,3
DA:113,2
DA:115,1
DA:116,1
DA:117,1
DA:120,2
DA:121,4
DA:122,2
DA:123,1
DA:126,1
DA:128,1
DA:129,0
DA:132,1
DA:134,3
DA:135,2
DA:137,1
DA:138,1
DA:139,1
DA:142,1
DA:144,2
DA:145,1
DA:146,0
DA:150,1
DA:154,1
DA:156,1
DA:157,0
DA:160,1
DA:161,1
DA:162,1
DA:165,2
DA:166,4
DA:167,2
DA:168,1
DA:171,1
DA:173,1
DA:175,1
DA:176,0
DA:180,1
DA:181,1
DA:182,1
DA:183,1
DA:187,1
DA:188,1
DA:190,1
DA:191,0
DA:194,1
DA:195,1
DA:196,1
DA:198,13
DA:199,13
LF:116
LH:110
end_of_record
